<?xml version="1.0" encoding="UTF-8"?>
<!-- Generated by org.testng.reporters.JUnitXMLReporter -->
<testsuite hostname="Yoda" name="Default test" tests="4" failures="0" timestamp="22 Sep 2013 16:51:05 GMT" time="0.035" errors="0">
  <testcase name="testGetOrElse" time="0.013" classname="com.tiborbotos.patterns.OptionTest"/>
  <testcase name="testGetOrElseWithException" time="0.0010" classname="com.tiborbotos.patterns.OptionTest"/>
  <testcase name="testOptionHasValue" time="0.0010" classname="com.tiborbotos.patterns.OptionTest"/>
  <testcase name="testOptionNoneIsEmpty" time="0.0" classname="com.tiborbotos.patterns.OptionTest"/>
</testsuite> <!-- Default test -->
